[0218/224222.601:ERROR:third_party\crashpad\crashpad\util\file\file_io_win.cc:202] LockFileEx: Incorrect function. (0x1)
[0218/224222.613:ERROR:third_party\crashpad\crashpad\util\file\file_io_win.cc:202] LockFileEx: Incorrect function. (0x1)
[0218/224222.614:ERROR:third_party\crashpad\crashpad\util\file\file_io_win.cc:202] LockFileEx: Incorrect function. (0x1)
[0218/224222.636:ERROR:third_party\crashpad\crashpad\util\file\file_io_win.cc:202] LockFileEx: Incorrect function. (0x1)
[11788:24008:0218/224222.833:ERROR:components\segmentation_platform\internal\database\ukm_database_backend.cc:148] Failed to open UKM database: 0 database is locked
[11788:32828:0218/224222.833:ERROR:net\socket\tcp_socket_win.cc:530] bind() returned an error: Only one usage of each socket address (protocol/network address/port) is normally permitted. (0x2740)
[11788:32828:0218/224222.834:ERROR:net\socket\tcp_socket_win.cc:530] bind() returned an error: Only one usage of each socket address (protocol/network address/port) is normally permitted. (0x2740)
[11788:32828:0218/224222.834:ERROR:content\browser\devtools\devtools_http_handler.cc:307] Cannot start http server for devtools.
[11788:7160:0218/224222.880:ERROR:components\password_manager\core\browser\password_store\login_database.cc:1141] Unable to open the password store database.
[11788:32772:0218/224222.880:ERROR:components\password_manager\core\browser\password_store\login_database.cc:1141] Unable to open the password store database.
[11788:7160:0218/224222.880:ERROR:components\password_manager\core\browser\password_store\login_database_async_helper.cc:79] Could not create/open login database.
[11788:32772:0218/224222.880:ERROR:components\password_manager\core\browser\password_store\login_database_async_helper.cc:79] Could not create/open login database.
[11788:24008:0218/224222.883:ERROR:content\browser\network_sandbox.cc:489] Failed to grant sandbox access to network context data directory \\wsl.localhost\Ubuntu\home\kingb\.openclaw\workspace\tbsoftwash-site\undefined\Users\undefined\AppData\Local\lighthouse.56319633\Default\Safe Browsing Network: Incorrect function. (0x1)
[11788:17920:0218/224222.892:ERROR:content\browser\network_sandbox.cc:384] Failed to grant sandbox access to cache directory \\wsl.localhost\Ubuntu\home\kingb\.openclaw\workspace\tbsoftwash-site\undefined\Users\undefined\AppData\Local\lighthouse.56319633\Default\Cache\Cache_Data: Incorrect function. (0x1)
[11788:42220:0218/224222.898:ERROR:content\browser\network_service_instance_impl.cc:243] Encountered error while migrating network context data or granting sandbox access for \\wsl.localhost\Ubuntu\home\kingb\.openclaw\workspace\tbsoftwash-site\undefined\Users\undefined\AppData\Local\lighthouse.56319633\Default\Safe Browsing Network. Result: 6: The operation completed successfully. (0x0)
[11788:17920:0218/224222.921:ERROR:content\browser\network_sandbox.cc:317] Failed to grant sandbox access to NoVarySearch directory \\wsl.localhost\Ubuntu\home\kingb\.openclaw\workspace\tbsoftwash-site\undefined\Users\undefined\AppData\Local\lighthouse.56319633\Default\Cache\No_Vary_Search: Incorrect function. (0x1)
[11788:17920:0218/224222.975:ERROR:content\browser\network_sandbox.cc:317] Failed to grant sandbox access to SharedDictionary directory \\wsl.localhost\Ubuntu\home\kingb\.openclaw\workspace\tbsoftwash-site\undefined\Users\undefined\AppData\Local\lighthouse.56319633\Default\Shared Dictionary: Incorrect function. (0x1)
[11788:17920:0218/224223.006:ERROR:content\browser\network_sandbox.cc:489] Failed to grant sandbox access to network context data directory \\wsl.localhost\Ubuntu\home\kingb\.openclaw\workspace\tbsoftwash-site\undefined\Users\undefined\AppData\Local\lighthouse.56319633\Default\Network: Incorrect function. (0x1)
[11788:42220:0218/224223.006:ERROR:content\browser\network_service_instance_impl.cc:243] Encountered error while migrating network context data or granting sandbox access for \\wsl.localhost\Ubuntu\home\kingb\.openclaw\workspace\tbsoftwash-site\undefined\Users\undefined\AppData\Local\lighthouse.56319633\Default\Network. Result: 6: The operation completed successfully. (0x0)
[11788:32772:0218/224223.050:ERROR:components\history\core\browser\top_sites_backend.cc:78] Failed to initialize database.
[11788:42220:0218/224224.971:ERROR:components\device_event_log\device_event_log_impl.cc:198] [22:42:24.971] USB: usb_service_win.cc:105 SetupDiGetDeviceProperty({{A45C254E-DF1C-4EFD-8020-67D146A850E0}, 6}) failed: Element not found. (0x490)
[11788:40876:0218/224228.052:ERROR:google_apis\gcm\engine\gcm_store_impl.cc:321] Failed to open database \\wsl.localhost\Ubuntu\home\kingb\.openclaw\workspace\tbsoftwash-site\undefined\Users\undefined\AppData\Local\lighthouse.56319633\Default\GCM Store: IO error: \\wsl.localhost\Ubuntu\home\kingb\.openclaw\workspace\tbsoftwash-site\undefined\Users\undefined\AppData\Local\lighthouse.56319633\Default\GCM Store/LOCK: No further details. (ChromeMethodBFE: 15::LockFile::1)
[11788:40876:0218/224229.100:ERROR:google_apis\gcm\engine\gcm_store_impl.cc:418] Destroy failed: IO error: \\wsl.localhost\Ubuntu\home\kingb\.openclaw\workspace\tbsoftwash-site\undefined\Users\undefined\AppData\Local\lighthouse.56319633\Default\GCM Store/LOCK: No further details. (ChromeMethodBFE: 15::LockFile::1)
[11788:31660:0218/224229.100:ERROR:components\gcm_driver\gcm_client_impl.cc:759] Failed to reset GCM store
